[2021-07-22 19:16:18] production.ERROR: putenv() has been disabled for security reasons {"userId":1,"exception":"[object] (ErrorException(code: 0): putenv() has been disabled for security reasons at /www/wwwroot/mzrc.work/application/vendor/symfony/console/Application.php:110)
[stacktrace]
#0 [internal function]: Illuminate\\Foundation\\Bootstrap\\HandleExceptions->handleError()
#1 /www/wwwroot/mzrc.work/application/vendor/symfony/console/Application.php(110): putenv()
#2 /www/wwwroot/mzrc.work/application/vendor/laravel/framework/src/Illuminate/Console/Application.php(93): Symfony\\Component\\Console\\Application->run()
#3 /www/wwwroot/mzrc.work/application/vendor/laravel/framework/src/Illuminate/Console/Application.php(185): Illuminate\\Console\\Application->run()
#4 /www/wwwroot/mzrc.work/application/vendor/laravel/framework/src/Illuminate/Foundation/Console/Kernel.php(263): Illuminate\\Console\\Application->call()
#5 /www/wwwroot/mzrc.work/application/vendor/laravel/framework/src/Illuminate/Support/Facades/Facade.php(261): Illuminate\\Foundation\\Console\\Kernel->call()
#6 /www/wwwroot/mzrc.work/application/app/Http/Controllers/Settings/System.php(47): Illuminate\\Support\\Facades\\Facade::__callStatic()
#7 [internal function]: App\\Http\\Controllers\\Settings\\System->clearLaravelCache()
#8 /www/wwwroot/mzrc.work/application/vendor/laravel/framework/src/Illuminate/Routing/Controller.php(54): call_user_func_array()
#9 /www/wwwroot/mzrc.work/application/vendor/laravel/framework/src/Illuminate/Routing/ControllerDispatcher.php(45): Illuminate\\Routing\\Controller->callAction()
#10 /www/wwwroot/mzrc.work/application/vendor/laravel/framework/src/Illuminate/Routing/Route.php(239): Illuminate\\Routing\\ControllerDispatcher->dispatch()
#11 /www/wwwroot/mzrc.work/application/vendor/laravel/framework/src/Illuminate/Routing/Route.php(196): Illuminate\\Routing\\Route->runController()
#12 /www/wwwroot/mzrc.work/application/vendor/laravel/framework/src/Illuminate/Routing/Router.php(685): Illuminate\\Routing\\Route->run()
#13 /www/wwwroot/mzrc.work/application/vendor/laravel/framework/src/Illuminate/Pipeline/Pipeline.php(128): Illuminate\\Routing\\Router->Illuminate\\Routing\\{closure}()
#14 /www/wwwroot/mzrc.work/application/app/Http/Middleware/Settings/Index.php(39): Illuminate\\Pipeline\\Pipeline->Illuminate\\Pipeline\\{closure}()
#15 /www/wwwroot/mzrc.work/application/vendor/laravel/framework/src/Illuminate/Pipeline/Pipeline.php(167): App\\Http\\Middleware\\Settings\\Index->handle()
#16 /www/wwwroot/mzrc.work/application/app/Http/Middleware/General/General.php(84): Illuminate\\Pipeline\\Pipeline->Illuminate\\Pipeline\\{closure}()
#17 /www/wwwroot/mzrc.work/application/vendor/laravel/framework/src/Illuminate/Pipeline/Pipeline.php(167): App\\Http\\Middleware\\General\\General->handle()
#18 /www/wwwroot/mzrc.work/application/app/Http/Middleware/General/SanityCheck.php(45): Illuminate\\Pipeline\\Pipeline->Illuminate\\Pipeline\\{closure}()
#19 /www/wwwroot/mzrc.work/application/vendor/laravel/framework/src/Illuminate/Pipeline/Pipeline.php(167): App\\Http\\Middleware\\General\\SanityCheck->handle()
#20 /www/wwwroot/mzrc.work/application/vendor/laravel/framework/src/Illuminate/Routing/Middleware/SubstituteBindings.php(41): Illuminate\\Pipeline\\Pipeline->Illuminate\\Pipeline\\{closure}()
#21 /www/wwwroot/mzrc.work/application/vendor/laravel/framework/src/Illuminate/Pipeline/Pipeline.php(167): Illuminate\\Routing\\Middleware\\SubstituteBindings->handle()
#22 /www/wwwroot/mzrc.work/application/vendor/laravel/framework/src/Illuminate/Auth/Middleware/Authenticate.php(44): Illuminate\\Pipeline\\Pipeline->Illuminate\\Pipeline\\{closure}()
#23 /www/wwwroot/mzrc.work/application/vendor/laravel/framework/src/Illuminate/Pipeline/Pipeline.php(167): Illuminate\\Auth\\Middleware\\Authenticate->handle()
#24 /www/wwwroot/mzrc.work/application/vendor/laravel/framework/src/Illuminate/Foundation/Http/Middleware/VerifyCsrfToken.php(77): Illuminate\\Pipeline\\Pipeline->Illuminate\\Pipeline\\{closure}()
#25 /www/wwwroot/mzrc.work/application/vendor/laravel/framework/src/Illuminate/Pipeline/Pipeline.php(167): Illuminate\\Foundation\\Http\\Middleware\\VerifyCsrfToken->handle()
#26 /www/wwwroot/mzrc.work/application/vendor/laravel/framework/src/Illuminate/View/Middleware/ShareErrorsFromSession.php(49): Illuminate\\Pipeline\\Pipeline->Illuminate\\Pipeline\\{closure}()
#27 /www/wwwroot/mzrc.work/application/vendor/laravel/framework/src/Illuminate/Pipeline/Pipeline.php(167): Illuminate\\View\\Middleware\\ShareErrorsFromSession->handle()
#28 /www/wwwroot/mzrc.work/application/vendor/laravel/framework/src/Illuminate/Session/Middleware/StartSession.php(116): Illuminate\\Pipeline\\Pipeline->Illuminate\\Pipeline\\{closure}()
#29 /www/wwwroot/mzrc.work/application/vendor/laravel/framework/src/Illuminate/Session/Middleware/StartSession.php(62): Illuminate\\Session\\Middleware\\StartSession->handleStatefulRequest()
#30 /www/wwwroot/mzrc.work/application/vendor/laravel/framework/src/Illuminate/Pipeline/Pipeline.php(167): Illuminate\\Session\\Middleware\\StartSession->handle()
#31 /www/wwwroot/mzrc.work/application/vendor/laravel/framework/src/Illuminate/Cookie/Middleware/AddQueuedCookiesToResponse.php(37): Illuminate\\Pipeline\\Pipeline->Illuminate\\Pipeline\\{closure}()
#32 /www/wwwroot/mzrc.work/application/vendor/laravel/framework/src/Illuminate/Pipeline/Pipeline.php(167): Illuminate\\Cookie\\Middleware\\AddQueuedCookiesToResponse->handle()
#33 /www/wwwroot/mzrc.work/application/vendor/laravel/framework/src/Illuminate/Cookie/Middleware/EncryptCookies.php(67): Illuminate\\Pipeline\\Pipeline->Illuminate\\Pipeline\\{closure}()
#34 /www/wwwroot/mzrc.work/application/vendor/laravel/framework/src/Illuminate/Pipeline/Pipeline.php(167): Illuminate\\Cookie\\Middleware\\EncryptCookies->handle()
#35 /www/wwwroot/mzrc.work/application/app/Http/Middleware/General/Setup.php(37): Illuminate\\Pipeline\\Pipeline->Illuminate\\Pipeline\\{closure}()
#36 /www/wwwroot/mzrc.work/application/vendor/laravel/framework/src/Illuminate/Pipeline/Pipeline.php(167): App\\Http\\Middleware\\General\\Setup->handle()
#37 /www/wwwroot/mzrc.work/application/vendor/laravel/framework/src/Illuminate/Pipeline/Pipeline.php(103): Illuminate\\Pipeline\\Pipeline->Illuminate\\Pipeline\\{closure}()
#38 /www/wwwroot/mzrc.work/application/vendor/laravel/framework/src/Illuminate/Routing/Router.php(687): Illuminate\\Pipeline\\Pipeline->then()
#39 /www/wwwroot/mzrc.work/application/vendor/laravel/framework/src/Illuminate/Routing/Router.php(662): Illuminate\\Routing\\Router->runRouteWithinStack()
#40 /www/wwwroot/mzrc.work/application/vendor/laravel/framework/src/Illuminate/Routing/Router.php(628): Illuminate\\Routing\\Router->runRoute()
#41 /www/wwwroot/mzrc.work/application/vendor/laravel/framework/src/Illuminate/Routing/Router.php(617): Illuminate\\Routing\\Router->dispatchToRoute()
#42 /www/wwwroot/mzrc.work/application/vendor/laravel/framework/src/Illuminate/Foundation/Http/Kernel.php(165): Illuminate\\Routing\\Router->dispatch()
#43 /www/wwwroot/mzrc.work/application/vendor/laravel/framework/src/Illuminate/Pipeline/Pipeline.php(128): Illuminate\\Foundation\\Http\\Kernel->Illuminate\\Foundation\\Http\\{closure}()
#44 /www/wwwroot/mzrc.work/application/vendor/barryvdh/laravel-debugbar/src/Middleware/InjectDebugbar.php(60): Illuminate\\Pipeline\\Pipeline->Illuminate\\Pipeline\\{closure}()
#45 /www/wwwroot/mzrc.work/application/vendor/laravel/framework/src/Illuminate/Pipeline/Pipeline.php(167): Barryvdh\\Debugbar\\Middleware\\InjectDebugbar->handle()
#46 /www/wwwroot/mzrc.work/application/vendor/fideloper/proxy/src/TrustProxies.php(57): Illuminate\\Pipeline\\Pipeline->Illuminate\\Pipeline\\{closure}()
#47 /www/wwwroot/mzrc.work/application/vendor/laravel/framework/src/Illuminate/Pipeline/Pipeline.php(167): Fideloper\\Proxy\\TrustProxies->handle()
#48 /www/wwwroot/mzrc.work/application/vendor/laravel/framework/src/Illuminate/Foundation/Http/Middleware/TransformsRequest.php(21): Illuminate\\Pipeline\\Pipeline->Illuminate\\Pipeline\\{closure}()
#49 /www/wwwroot/mzrc.work/application/vendor/laravel/framework/src/Illuminate/Pipeline/Pipeline.php(167): Illuminate\\Foundation\\Http\\Middleware\\TransformsRequest->handle()
#50 /www/wwwroot/mzrc.work/application/vendor/laravel/framework/src/Illuminate/Foundation/Http/Middleware/TransformsRequest.php(21): Illuminate\\Pipeline\\Pipeline->Illuminate\\Pipeline\\{closure}()
#51 /www/wwwroot/mzrc.work/application/vendor/laravel/framework/src/Illuminate/Pipeline/Pipeline.php(167): Illuminate\\Foundation\\Http\\Middleware\\TransformsRequest->handle()
#52 /www/wwwroot/mzrc.work/application/vendor/laravel/framework/src/Illuminate/Foundation/Http/Middleware/ValidatePostSize.php(27): Illuminate\\Pipeline\\Pipeline->Illuminate\\Pipeline\\{closure}()
#53 /www/wwwroot/mzrc.work/application/vendor/laravel/framework/src/Illuminate/Pipeline/Pipeline.php(167): Illuminate\\Foundation\\Http\\Middleware\\ValidatePostSize->handle()
#54 /www/wwwroot/mzrc.work/application/vendor/laravel/framework/src/Illuminate/Foundation/Http/Middleware/CheckForMaintenanceMode.php(63): Illuminate\\Pipeline\\Pipeline->Illuminate\\Pipeline\\{closure}()
#55 /www/wwwroot/mzrc.work/application/vendor/laravel/framework/src/Illuminate/Pipeline/Pipeline.php(167): Illuminate\\Foundation\\Http\\Middleware\\CheckForMaintenanceMode->handle()
#56 /www/wwwroot/mzrc.work/application/vendor/laravel/framework/src/Illuminate/Pipeline/Pipeline.php(103): Illuminate\\Pipeline\\Pipeline->Illuminate\\Pipeline\\{closure}()
#57 /www/wwwroot/mzrc.work/application/vendor/laravel/framework/src/Illuminate/Foundation/Http/Kernel.php(140): Illuminate\\Pipeline\\Pipeline->then()
#58 /www/wwwroot/mzrc.work/application/vendor/laravel/framework/src/Illuminate/Foundation/Http/Kernel.php(109): Illuminate\\Foundation\\Http\\Kernel->sendRequestThroughRouter()
#59 /www/wwwroot/mzrc.work/index.php(92): Illuminate\\Foundation\\Http\\Kernel->handle()
#60 {main}
"} 
[2021-07-22 19:19:35] production.ERROR: putenv() has been disabled for security reasons {"userId":1,"exception":"[object] (ErrorException(code: 0): putenv() has been disabled for security reasons at /www/wwwroot/mzrc.work/application/vendor/symfony/console/Application.php:110)
[stacktrace]
#0 [internal function]: Illuminate\\Foundation\\Bootstrap\\HandleExceptions->handleError()
#1 /www/wwwroot/mzrc.work/application/vendor/symfony/console/Application.php(110): putenv()
#2 /www/wwwroot/mzrc.work/application/vendor/laravel/framework/src/Illuminate/Console/Application.php(93): Symfony\\Component\\Console\\Application->run()
#3 /www/wwwroot/mzrc.work/application/vendor/laravel/framework/src/Illuminate/Console/Application.php(185): Illuminate\\Console\\Application->run()
#4 /www/wwwroot/mzrc.work/application/vendor/laravel/framework/src/Illuminate/Foundation/Console/Kernel.php(263): Illuminate\\Console\\Application->call()
#5 /www/wwwroot/mzrc.work/application/vendor/laravel/framework/src/Illuminate/Support/Facades/Facade.php(261): Illuminate\\Foundation\\Console\\Kernel->call()
#6 /www/wwwroot/mzrc.work/application/app/Http/Controllers/Settings/System.php(47): Illuminate\\Support\\Facades\\Facade::__callStatic()
#7 [internal function]: App\\Http\\Controllers\\Settings\\System->clearLaravelCache()
#8 /www/wwwroot/mzrc.work/application/vendor/laravel/framework/src/Illuminate/Routing/Controller.php(54): call_user_func_array()
#9 /www/wwwroot/mzrc.work/application/vendor/laravel/framework/src/Illuminate/Routing/ControllerDispatcher.php(45): Illuminate\\Routing\\Controller->callAction()
#10 /www/wwwroot/mzrc.work/application/vendor/laravel/framework/src/Illuminate/Routing/Route.php(239): Illuminate\\Routing\\ControllerDispatcher->dispatch()
#11 /www/wwwroot/mzrc.work/application/vendor/laravel/framework/src/Illuminate/Routing/Route.php(196): Illuminate\\Routing\\Route->runController()
#12 /www/wwwroot/mzrc.work/application/vendor/laravel/framework/src/Illuminate/Routing/Router.php(685): Illuminate\\Routing\\Route->run()
#13 /www/wwwroot/mzrc.work/application/vendor/laravel/framework/src/Illuminate/Pipeline/Pipeline.php(128): Illuminate\\Routing\\Router->Illuminate\\Routing\\{closure}()
#14 /www/wwwroot/mzrc.work/application/app/Http/Middleware/Settings/Index.php(39): Illuminate\\Pipeline\\Pipeline->Illuminate\\Pipeline\\{closure}()
#15 /www/wwwroot/mzrc.work/application/vendor/laravel/framework/src/Illuminate/Pipeline/Pipeline.php(167): App\\Http\\Middleware\\Settings\\Index->handle()
#16 /www/wwwroot/mzrc.work/application/app/Http/Middleware/General/General.php(84): Illuminate\\Pipeline\\Pipeline->Illuminate\\Pipeline\\{closure}()
#17 /www/wwwroot/mzrc.work/application/vendor/laravel/framework/src/Illuminate/Pipeline/Pipeline.php(167): App\\Http\\Middleware\\General\\General->handle()
#18 /www/wwwroot/mzrc.work/application/app/Http/Middleware/General/SanityCheck.php(45): Illuminate\\Pipeline\\Pipeline->Illuminate\\Pipeline\\{closure}()
#19 /www/wwwroot/mzrc.work/application/vendor/laravel/framework/src/Illuminate/Pipeline/Pipeline.php(167): App\\Http\\Middleware\\General\\SanityCheck->handle()
#20 /www/wwwroot/mzrc.work/application/vendor/laravel/framework/src/Illuminate/Routing/Middleware/SubstituteBindings.php(41): Illuminate\\Pipeline\\Pipeline->Illuminate\\Pipeline\\{closure}()
#21 /www/wwwroot/mzrc.work/application/vendor/laravel/framework/src/Illuminate/Pipeline/Pipeline.php(167): Illuminate\\Routing\\Middleware\\SubstituteBindings->handle()
#22 /www/wwwroot/mzrc.work/application/vendor/laravel/framework/src/Illuminate/Auth/Middleware/Authenticate.php(44): Illuminate\\Pipeline\\Pipeline->Illuminate\\Pipeline\\{closure}()
#23 /www/wwwroot/mzrc.work/application/vendor/laravel/framework/src/Illuminate/Pipeline/Pipeline.php(167): Illuminate\\Auth\\Middleware\\Authenticate->handle()
#24 /www/wwwroot/mzrc.work/application/vendor/laravel/framework/src/Illuminate/Foundation/Http/Middleware/VerifyCsrfToken.php(77): Illuminate\\Pipeline\\Pipeline->Illuminate\\Pipeline\\{closure}()
#25 /www/wwwroot/mzrc.work/application/vendor/laravel/framework/src/Illuminate/Pipeline/Pipeline.php(167): Illuminate\\Foundation\\Http\\Middleware\\VerifyCsrfToken->handle()
#26 /www/wwwroot/mzrc.work/application/vendor/laravel/framework/src/Illuminate/View/Middleware/ShareErrorsFromSession.php(49): Illuminate\\Pipeline\\Pipeline->Illuminate\\Pipeline\\{closure}()
#27 /www/wwwroot/mzrc.work/application/vendor/laravel/framework/src/Illuminate/Pipeline/Pipeline.php(167): Illuminate\\View\\Middleware\\ShareErrorsFromSession->handle()
#28 /www/wwwroot/mzrc.work/application/vendor/laravel/framework/src/Illuminate/Session/Middleware/StartSession.php(116): Illuminate\\Pipeline\\Pipeline->Illuminate\\Pipeline\\{closure}()
#29 /www/wwwroot/mzrc.work/application/vendor/laravel/framework/src/Illuminate/Session/Middleware/StartSession.php(62): Illuminate\\Session\\Middleware\\StartSession->handleStatefulRequest()
#30 /www/wwwroot/mzrc.work/application/vendor/laravel/framework/src/Illuminate/Pipeline/Pipeline.php(167): Illuminate\\Session\\Middleware\\StartSession->handle()
#31 /www/wwwroot/mzrc.work/application/vendor/laravel/framework/src/Illuminate/Cookie/Middleware/AddQueuedCookiesToResponse.php(37): Illuminate\\Pipeline\\Pipeline->Illuminate\\Pipeline\\{closure}()
#32 /www/wwwroot/mzrc.work/application/vendor/laravel/framework/src/Illuminate/Pipeline/Pipeline.php(167): Illuminate\\Cookie\\Middleware\\AddQueuedCookiesToResponse->handle()
#33 /www/wwwroot/mzrc.work/application/vendor/laravel/framework/src/Illuminate/Cookie/Middleware/EncryptCookies.php(67): Illuminate\\Pipeline\\Pipeline->Illuminate\\Pipeline\\{closure}()
#34 /www/wwwroot/mzrc.work/application/vendor/laravel/framework/src/Illuminate/Pipeline/Pipeline.php(167): Illuminate\\Cookie\\Middleware\\EncryptCookies->handle()
#35 /www/wwwroot/mzrc.work/application/app/Http/Middleware/General/Setup.php(37): Illuminate\\Pipeline\\Pipeline->Illuminate\\Pipeline\\{closure}()
#36 /www/wwwroot/mzrc.work/application/vendor/laravel/framework/src/Illuminate/Pipeline/Pipeline.php(167): App\\Http\\Middleware\\General\\Setup->handle()
#37 /www/wwwroot/mzrc.work/application/vendor/laravel/framework/src/Illuminate/Pipeline/Pipeline.php(103): Illuminate\\Pipeline\\Pipeline->Illuminate\\Pipeline\\{closure}()
#38 /www/wwwroot/mzrc.work/application/vendor/laravel/framework/src/Illuminate/Routing/Router.php(687): Illuminate\\Pipeline\\Pipeline->then()
#39 /www/wwwroot/mzrc.work/application/vendor/laravel/framework/src/Illuminate/Routing/Router.php(662): Illuminate\\Routing\\Router->runRouteWithinStack()
#40 /www/wwwroot/mzrc.work/application/vendor/laravel/framework/src/Illuminate/Routing/Router.php(628): Illuminate\\Routing\\Router->runRoute()
#41 /www/wwwroot/mzrc.work/application/vendor/laravel/framework/src/Illuminate/Routing/Router.php(617): Illuminate\\Routing\\Router->dispatchToRoute()
#42 /www/wwwroot/mzrc.work/application/vendor/laravel/framework/src/Illuminate/Foundation/Http/Kernel.php(165): Illuminate\\Routing\\Router->dispatch()
#43 /www/wwwroot/mzrc.work/application/vendor/laravel/framework/src/Illuminate/Pipeline/Pipeline.php(128): Illuminate\\Foundation\\Http\\Kernel->Illuminate\\Foundation\\Http\\{closure}()
#44 /www/wwwroot/mzrc.work/application/vendor/barryvdh/laravel-debugbar/src/Middleware/InjectDebugbar.php(60): Illuminate\\Pipeline\\Pipeline->Illuminate\\Pipeline\\{closure}()
#45 /www/wwwroot/mzrc.work/application/vendor/laravel/framework/src/Illuminate/Pipeline/Pipeline.php(167): Barryvdh\\Debugbar\\Middleware\\InjectDebugbar->handle()
#46 /www/wwwroot/mzrc.work/application/vendor/fideloper/proxy/src/TrustProxies.php(57): Illuminate\\Pipeline\\Pipeline->Illuminate\\Pipeline\\{closure}()
#47 /www/wwwroot/mzrc.work/application/vendor/laravel/framework/src/Illuminate/Pipeline/Pipeline.php(167): Fideloper\\Proxy\\TrustProxies->handle()
#48 /www/wwwroot/mzrc.work/application/vendor/laravel/framework/src/Illuminate/Foundation/Http/Middleware/TransformsRequest.php(21): Illuminate\\Pipeline\\Pipeline->Illuminate\\Pipeline\\{closure}()
#49 /www/wwwroot/mzrc.work/application/vendor/laravel/framework/src/Illuminate/Pipeline/Pipeline.php(167): Illuminate\\Foundation\\Http\\Middleware\\TransformsRequest->handle()
#50 /www/wwwroot/mzrc.work/application/vendor/laravel/framework/src/Illuminate/Foundation/Http/Middleware/TransformsRequest.php(21): Illuminate\\Pipeline\\Pipeline->Illuminate\\Pipeline\\{closure}()
#51 /www/wwwroot/mzrc.work/application/vendor/laravel/framework/src/Illuminate/Pipeline/Pipeline.php(167): Illuminate\\Foundation\\Http\\Middleware\\TransformsRequest->handle()
#52 /www/wwwroot/mzrc.work/application/vendor/laravel/framework/src/Illuminate/Foundation/Http/Middleware/ValidatePostSize.php(27): Illuminate\\Pipeline\\Pipeline->Illuminate\\Pipeline\\{closure}()
#53 /www/wwwroot/mzrc.work/application/vendor/laravel/framework/src/Illuminate/Pipeline/Pipeline.php(167): Illuminate\\Foundation\\Http\\Middleware\\ValidatePostSize->handle()
#54 /www/wwwroot/mzrc.work/application/vendor/laravel/framework/src/Illuminate/Foundation/Http/Middleware/CheckForMaintenanceMode.php(63): Illuminate\\Pipeline\\Pipeline->Illuminate\\Pipeline\\{closure}()
#55 /www/wwwroot/mzrc.work/application/vendor/laravel/framework/src/Illuminate/Pipeline/Pipeline.php(167): Illuminate\\Foundation\\Http\\Middleware\\CheckForMaintenanceMode->handle()
#56 /www/wwwroot/mzrc.work/application/vendor/laravel/framework/src/Illuminate/Pipeline/Pipeline.php(103): Illuminate\\Pipeline\\Pipeline->Illuminate\\Pipeline\\{closure}()
#57 /www/wwwroot/mzrc.work/application/vendor/laravel/framework/src/Illuminate/Foundation/Http/Kernel.php(140): Illuminate\\Pipeline\\Pipeline->then()
#58 /www/wwwroot/mzrc.work/application/vendor/laravel/framework/src/Illuminate/Foundation/Http/Kernel.php(109): Illuminate\\Foundation\\Http\\Kernel->sendRequestThroughRouter()
#59 /www/wwwroot/mzrc.work/index.php(92): Illuminate\\Foundation\\Http\\Kernel->handle()
#60 {main}
"} 
[2021-07-22 19:52:28] production.ERROR: putenv() has been disabled for security reasons {"userId":1,"exception":"[object] (ErrorException(code: 0): putenv() has been disabled for security reasons at /www/wwwroot/mzrc.work/application/vendor/symfony/console/Application.php:110)
[stacktrace]
#0 [internal function]: Illuminate\\Foundation\\Bootstrap\\HandleExceptions->handleError()
#1 /www/wwwroot/mzrc.work/application/vendor/symfony/console/Application.php(110): putenv()
#2 /www/wwwroot/mzrc.work/application/vendor/laravel/framework/src/Illuminate/Console/Application.php(93): Symfony\\Component\\Console\\Application->run()
#3 /www/wwwroot/mzrc.work/application/vendor/laravel/framework/src/Illuminate/Console/Application.php(185): Illuminate\\Console\\Application->run()
#4 /www/wwwroot/mzrc.work/application/vendor/laravel/framework/src/Illuminate/Foundation/Console/Kernel.php(263): Illuminate\\Console\\Application->call()
#5 /www/wwwroot/mzrc.work/application/vendor/laravel/framework/src/Illuminate/Support/Facades/Facade.php(261): Illuminate\\Foundation\\Console\\Kernel->call()
#6 /www/wwwroot/mzrc.work/application/app/Http/Controllers/Settings/System.php(47): Illuminate\\Support\\Facades\\Facade::__callStatic()
#7 [internal function]: App\\Http\\Controllers\\Settings\\System->clearLaravelCache()
#8 /www/wwwroot/mzrc.work/application/vendor/laravel/framework/src/Illuminate/Routing/Controller.php(54): call_user_func_array()
#9 /www/wwwroot/mzrc.work/application/vendor/laravel/framework/src/Illuminate/Routing/ControllerDispatcher.php(45): Illuminate\\Routing\\Controller->callAction()
#10 /www/wwwroot/mzrc.work/application/vendor/laravel/framework/src/Illuminate/Routing/Route.php(239): Illuminate\\Routing\\ControllerDispatcher->dispatch()
#11 /www/wwwroot/mzrc.work/application/vendor/laravel/framework/src/Illuminate/Routing/Route.php(196): Illuminate\\Routing\\Route->runController()
#12 /www/wwwroot/mzrc.work/application/vendor/laravel/framework/src/Illuminate/Routing/Router.php(685): Illuminate\\Routing\\Route->run()
#13 /www/wwwroot/mzrc.work/application/vendor/laravel/framework/src/Illuminate/Pipeline/Pipeline.php(128): Illuminate\\Routing\\Router->Illuminate\\Routing\\{closure}()
#14 /www/wwwroot/mzrc.work/application/app/Http/Middleware/Settings/Index.php(39): Illuminate\\Pipeline\\Pipeline->Illuminate\\Pipeline\\{closure}()
#15 /www/wwwroot/mzrc.work/application/vendor/laravel/framework/src/Illuminate/Pipeline/Pipeline.php(167): App\\Http\\Middleware\\Settings\\Index->handle()
#16 /www/wwwroot/mzrc.work/application/app/Http/Middleware/General/General.php(84): Illuminate\\Pipeline\\Pipeline->Illuminate\\Pipeline\\{closure}()
#17 /www/wwwroot/mzrc.work/application/vendor/laravel/framework/src/Illuminate/Pipeline/Pipeline.php(167): App\\Http\\Middleware\\General\\General->handle()
#18 /www/wwwroot/mzrc.work/application/app/Http/Middleware/General/SanityCheck.php(45): Illuminate\\Pipeline\\Pipeline->Illuminate\\Pipeline\\{closure}()
#19 /www/wwwroot/mzrc.work/application/vendor/laravel/framework/src/Illuminate/Pipeline/Pipeline.php(167): App\\Http\\Middleware\\General\\SanityCheck->handle()
#20 /www/wwwroot/mzrc.work/application/vendor/laravel/framework/src/Illuminate/Routing/Middleware/SubstituteBindings.php(41): Illuminate\\Pipeline\\Pipeline->Illuminate\\Pipeline\\{closure}()
#21 /www/wwwroot/mzrc.work/application/vendor/laravel/framework/src/Illuminate/Pipeline/Pipeline.php(167): Illuminate\\Routing\\Middleware\\SubstituteBindings->handle()
#22 /www/wwwroot/mzrc.work/application/vendor/laravel/framework/src/Illuminate/Auth/Middleware/Authenticate.php(44): Illuminate\\Pipeline\\Pipeline->Illuminate\\Pipeline\\{closure}()
#23 /www/wwwroot/mzrc.work/application/vendor/laravel/framework/src/Illuminate/Pipeline/Pipeline.php(167): Illuminate\\Auth\\Middleware\\Authenticate->handle()
#24 /www/wwwroot/mzrc.work/application/vendor/laravel/framework/src/Illuminate/Foundation/Http/Middleware/VerifyCsrfToken.php(77): Illuminate\\Pipeline\\Pipeline->Illuminate\\Pipeline\\{closure}()
#25 /www/wwwroot/mzrc.work/application/vendor/laravel/framework/src/Illuminate/Pipeline/Pipeline.php(167): Illuminate\\Foundation\\Http\\Middleware\\VerifyCsrfToken->handle()
#26 /www/wwwroot/mzrc.work/application/vendor/laravel/framework/src/Illuminate/View/Middleware/ShareErrorsFromSession.php(49): Illuminate\\Pipeline\\Pipeline->Illuminate\\Pipeline\\{closure}()
#27 /www/wwwroot/mzrc.work/application/vendor/laravel/framework/src/Illuminate/Pipeline/Pipeline.php(167): Illuminate\\View\\Middleware\\ShareErrorsFromSession->handle()
#28 /www/wwwroot/mzrc.work/application/vendor/laravel/framework/src/Illuminate/Session/Middleware/StartSession.php(116): Illuminate\\Pipeline\\Pipeline->Illuminate\\Pipeline\\{closure}()
#29 /www/wwwroot/mzrc.work/application/vendor/laravel/framework/src/Illuminate/Session/Middleware/StartSession.php(62): Illuminate\\Session\\Middleware\\StartSession->handleStatefulRequest()
#30 /www/wwwroot/mzrc.work/application/vendor/laravel/framework/src/Illuminate/Pipeline/Pipeline.php(167): Illuminate\\Session\\Middleware\\StartSession->handle()
#31 /www/wwwroot/mzrc.work/application/vendor/laravel/framework/src/Illuminate/Cookie/Middleware/AddQueuedCookiesToResponse.php(37): Illuminate\\Pipeline\\Pipeline->Illuminate\\Pipeline\\{closure}()
#32 /www/wwwroot/mzrc.work/application/vendor/laravel/framework/src/Illuminate/Pipeline/Pipeline.php(167): Illuminate\\Cookie\\Middleware\\AddQueuedCookiesToResponse->handle()
#33 /www/wwwroot/mzrc.work/application/vendor/laravel/framework/src/Illuminate/Cookie/Middleware/EncryptCookies.php(67): Illuminate\\Pipeline\\Pipeline->Illuminate\\Pipeline\\{closure}()
#34 /www/wwwroot/mzrc.work/application/vendor/laravel/framework/src/Illuminate/Pipeline/Pipeline.php(167): Illuminate\\Cookie\\Middleware\\EncryptCookies->handle()
#35 /www/wwwroot/mzrc.work/application/app/Http/Middleware/General/Setup.php(37): Illuminate\\Pipeline\\Pipeline->Illuminate\\Pipeline\\{closure}()
#36 /www/wwwroot/mzrc.work/application/vendor/laravel/framework/src/Illuminate/Pipeline/Pipeline.php(167): App\\Http\\Middleware\\General\\Setup->handle()
#37 /www/wwwroot/mzrc.work/application/vendor/laravel/framework/src/Illuminate/Pipeline/Pipeline.php(103): Illuminate\\Pipeline\\Pipeline->Illuminate\\Pipeline\\{closure}()
#38 /www/wwwroot/mzrc.work/application/vendor/laravel/framework/src/Illuminate/Routing/Router.php(687): Illuminate\\Pipeline\\Pipeline->then()
#39 /www/wwwroot/mzrc.work/application/vendor/laravel/framework/src/Illuminate/Routing/Router.php(662): Illuminate\\Routing\\Router->runRouteWithinStack()
#40 /www/wwwroot/mzrc.work/application/vendor/laravel/framework/src/Illuminate/Routing/Router.php(628): Illuminate\\Routing\\Router->runRoute()
#41 /www/wwwroot/mzrc.work/application/vendor/laravel/framework/src/Illuminate/Routing/Router.php(617): Illuminate\\Routing\\Router->dispatchToRoute()
#42 /www/wwwroot/mzrc.work/application/vendor/laravel/framework/src/Illuminate/Foundation/Http/Kernel.php(165): Illuminate\\Routing\\Router->dispatch()
#43 /www/wwwroot/mzrc.work/application/vendor/laravel/framework/src/Illuminate/Pipeline/Pipeline.php(128): Illuminate\\Foundation\\Http\\Kernel->Illuminate\\Foundation\\Http\\{closure}()
#44 /www/wwwroot/mzrc.work/application/vendor/barryvdh/laravel-debugbar/src/Middleware/InjectDebugbar.php(60): Illuminate\\Pipeline\\Pipeline->Illuminate\\Pipeline\\{closure}()
#45 /www/wwwroot/mzrc.work/application/vendor/laravel/framework/src/Illuminate/Pipeline/Pipeline.php(167): Barryvdh\\Debugbar\\Middleware\\InjectDebugbar->handle()
#46 /www/wwwroot/mzrc.work/application/vendor/fideloper/proxy/src/TrustProxies.php(57): Illuminate\\Pipeline\\Pipeline->Illuminate\\Pipeline\\{closure}()
#47 /www/wwwroot/mzrc.work/application/vendor/laravel/framework/src/Illuminate/Pipeline/Pipeline.php(167): Fideloper\\Proxy\\TrustProxies->handle()
#48 /www/wwwroot/mzrc.work/application/vendor/laravel/framework/src/Illuminate/Foundation/Http/Middleware/TransformsRequest.php(21): Illuminate\\Pipeline\\Pipeline->Illuminate\\Pipeline\\{closure}()
#49 /www/wwwroot/mzrc.work/application/vendor/laravel/framework/src/Illuminate/Pipeline/Pipeline.php(167): Illuminate\\Foundation\\Http\\Middleware\\TransformsRequest->handle()
#50 /www/wwwroot/mzrc.work/application/vendor/laravel/framework/src/Illuminate/Foundation/Http/Middleware/TransformsRequest.php(21): Illuminate\\Pipeline\\Pipeline->Illuminate\\Pipeline\\{closure}()
#51 /www/wwwroot/mzrc.work/application/vendor/laravel/framework/src/Illuminate/Pipeline/Pipeline.php(167): Illuminate\\Foundation\\Http\\Middleware\\TransformsRequest->handle()
#52 /www/wwwroot/mzrc.work/application/vendor/laravel/framework/src/Illuminate/Foundation/Http/Middleware/ValidatePostSize.php(27): Illuminate\\Pipeline\\Pipeline->Illuminate\\Pipeline\\{closure}()
#53 /www/wwwroot/mzrc.work/application/vendor/laravel/framework/src/Illuminate/Pipeline/Pipeline.php(167): Illuminate\\Foundation\\Http\\Middleware\\ValidatePostSize->handle()
#54 /www/wwwroot/mzrc.work/application/vendor/laravel/framework/src/Illuminate/Foundation/Http/Middleware/CheckForMaintenanceMode.php(63): Illuminate\\Pipeline\\Pipeline->Illuminate\\Pipeline\\{closure}()
#55 /www/wwwroot/mzrc.work/application/vendor/laravel/framework/src/Illuminate/Pipeline/Pipeline.php(167): Illuminate\\Foundation\\Http\\Middleware\\CheckForMaintenanceMode->handle()
#56 /www/wwwroot/mzrc.work/application/vendor/laravel/framework/src/Illuminate/Pipeline/Pipeline.php(103): Illuminate\\Pipeline\\Pipeline->Illuminate\\Pipeline\\{closure}()
#57 /www/wwwroot/mzrc.work/application/vendor/laravel/framework/src/Illuminate/Foundation/Http/Kernel.php(140): Illuminate\\Pipeline\\Pipeline->then()
#58 /www/wwwroot/mzrc.work/application/vendor/laravel/framework/src/Illuminate/Foundation/Http/Kernel.php(109): Illuminate\\Foundation\\Http\\Kernel->sendRequestThroughRouter()
#59 /www/wwwroot/mzrc.work/index.php(92): Illuminate\\Foundation\\Http\\Kernel->handle()
#60 {main}
"} 
[2021-07-22 19:52:31] production.ERROR: putenv() has been disabled for security reasons {"userId":1,"exception":"[object] (ErrorException(code: 0): putenv() has been disabled for security reasons at /www/wwwroot/mzrc.work/application/vendor/symfony/console/Application.php:110)
[stacktrace]
#0 [internal function]: Illuminate\\Foundation\\Bootstrap\\HandleExceptions->handleError()
#1 /www/wwwroot/mzrc.work/application/vendor/symfony/console/Application.php(110): putenv()
#2 /www/wwwroot/mzrc.work/application/vendor/laravel/framework/src/Illuminate/Console/Application.php(93): Symfony\\Component\\Console\\Application->run()
#3 /www/wwwroot/mzrc.work/application/vendor/laravel/framework/src/Illuminate/Console/Application.php(185): Illuminate\\Console\\Application->run()
#4 /www/wwwroot/mzrc.work/application/vendor/laravel/framework/src/Illuminate/Foundation/Console/Kernel.php(263): Illuminate\\Console\\Application->call()
#5 /www/wwwroot/mzrc.work/application/vendor/laravel/framework/src/Illuminate/Support/Facades/Facade.php(261): Illuminate\\Foundation\\Console\\Kernel->call()
#6 /www/wwwroot/mzrc.work/application/app/Http/Controllers/Settings/System.php(47): Illuminate\\Support\\Facades\\Facade::__callStatic()
#7 [internal function]: App\\Http\\Controllers\\Settings\\System->clearLaravelCache()
#8 /www/wwwroot/mzrc.work/application/vendor/laravel/framework/src/Illuminate/Routing/Controller.php(54): call_user_func_array()
#9 /www/wwwroot/mzrc.work/application/vendor/laravel/framework/src/Illuminate/Routing/ControllerDispatcher.php(45): Illuminate\\Routing\\Controller->callAction()
#10 /www/wwwroot/mzrc.work/application/vendor/laravel/framework/src/Illuminate/Routing/Route.php(239): Illuminate\\Routing\\ControllerDispatcher->dispatch()
#11 /www/wwwroot/mzrc.work/application/vendor/laravel/framework/src/Illuminate/Routing/Route.php(196): Illuminate\\Routing\\Route->runController()
#12 /www/wwwroot/mzrc.work/application/vendor/laravel/framework/src/Illuminate/Routing/Router.php(685): Illuminate\\Routing\\Route->run()
#13 /www/wwwroot/mzrc.work/application/vendor/laravel/framework/src/Illuminate/Pipeline/Pipeline.php(128): Illuminate\\Routing\\Router->Illuminate\\Routing\\{closure}()
#14 /www/wwwroot/mzrc.work/application/app/Http/Middleware/Settings/Index.php(39): Illuminate\\Pipeline\\Pipeline->Illuminate\\Pipeline\\{closure}()
#15 /www/wwwroot/mzrc.work/application/vendor/laravel/framework/src/Illuminate/Pipeline/Pipeline.php(167): App\\Http\\Middleware\\Settings\\Index->handle()
#16 /www/wwwroot/mzrc.work/application/app/Http/Middleware/General/General.php(84): Illuminate\\Pipeline\\Pipeline->Illuminate\\Pipeline\\{closure}()
#17 /www/wwwroot/mzrc.work/application/vendor/laravel/framework/src/Illuminate/Pipeline/Pipeline.php(167): App\\Http\\Middleware\\General\\General->handle()
#18 /www/wwwroot/mzrc.work/application/app/Http/Middleware/General/SanityCheck.php(45): Illuminate\\Pipeline\\Pipeline->Illuminate\\Pipeline\\{closure}()
#19 /www/wwwroot/mzrc.work/application/vendor/laravel/framework/src/Illuminate/Pipeline/Pipeline.php(167): App\\Http\\Middleware\\General\\SanityCheck->handle()
#20 /www/wwwroot/mzrc.work/application/vendor/laravel/framework/src/Illuminate/Routing/Middleware/SubstituteBindings.php(41): Illuminate\\Pipeline\\Pipeline->Illuminate\\Pipeline\\{closure}()
#21 /www/wwwroot/mzrc.work/application/vendor/laravel/framework/src/Illuminate/Pipeline/Pipeline.php(167): Illuminate\\Routing\\Middleware\\SubstituteBindings->handle()
#22 /www/wwwroot/mzrc.work/application/vendor/laravel/framework/src/Illuminate/Auth/Middleware/Authenticate.php(44): Illuminate\\Pipeline\\Pipeline->Illuminate\\Pipeline\\{closure}()
#23 /www/wwwroot/mzrc.work/application/vendor/laravel/framework/src/Illuminate/Pipeline/Pipeline.php(167): Illuminate\\Auth\\Middleware\\Authenticate->handle()
#24 /www/wwwroot/mzrc.work/application/vendor/laravel/framework/src/Illuminate/Foundation/Http/Middleware/VerifyCsrfToken.php(77): Illuminate\\Pipeline\\Pipeline->Illuminate\\Pipeline\\{closure}()
#25 /www/wwwroot/mzrc.work/application/vendor/laravel/framework/src/Illuminate/Pipeline/Pipeline.php(167): Illuminate\\Foundation\\Http\\Middleware\\VerifyCsrfToken->handle()
#26 /www/wwwroot/mzrc.work/application/vendor/laravel/framework/src/Illuminate/View/Middleware/ShareErrorsFromSession.php(49): Illuminate\\Pipeline\\Pipeline->Illuminate\\Pipeline\\{closure}()
#27 /www/wwwroot/mzrc.work/application/vendor/laravel/framework/src/Illuminate/Pipeline/Pipeline.php(167): Illuminate\\View\\Middleware\\ShareErrorsFromSession->handle()
#28 /www/wwwroot/mzrc.work/application/vendor/laravel/framework/src/Illuminate/Session/Middleware/StartSession.php(116): Illuminate\\Pipeline\\Pipeline->Illuminate\\Pipeline\\{closure}()
#29 /www/wwwroot/mzrc.work/application/vendor/laravel/framework/src/Illuminate/Session/Middleware/StartSession.php(62): Illuminate\\Session\\Middleware\\StartSession->handleStatefulRequest()
#30 /www/wwwroot/mzrc.work/application/vendor/laravel/framework/src/Illuminate/Pipeline/Pipeline.php(167): Illuminate\\Session\\Middleware\\StartSession->handle()
#31 /www/wwwroot/mzrc.work/application/vendor/laravel/framework/src/Illuminate/Cookie/Middleware/AddQueuedCookiesToResponse.php(37): Illuminate\\Pipeline\\Pipeline->Illuminate\\Pipeline\\{closure}()
#32 /www/wwwroot/mzrc.work/application/vendor/laravel/framework/src/Illuminate/Pipeline/Pipeline.php(167): Illuminate\\Cookie\\Middleware\\AddQueuedCookiesToResponse->handle()
#33 /www/wwwroot/mzrc.work/application/vendor/laravel/framework/src/Illuminate/Cookie/Middleware/EncryptCookies.php(67): Illuminate\\Pipeline\\Pipeline->Illuminate\\Pipeline\\{closure}()
#34 /www/wwwroot/mzrc.work/application/vendor/laravel/framework/src/Illuminate/Pipeline/Pipeline.php(167): Illuminate\\Cookie\\Middleware\\EncryptCookies->handle()
#35 /www/wwwroot/mzrc.work/application/app/Http/Middleware/General/Setup.php(37): Illuminate\\Pipeline\\Pipeline->Illuminate\\Pipeline\\{closure}()
#36 /www/wwwroot/mzrc.work/application/vendor/laravel/framework/src/Illuminate/Pipeline/Pipeline.php(167): App\\Http\\Middleware\\General\\Setup->handle()
#37 /www/wwwroot/mzrc.work/application/vendor/laravel/framework/src/Illuminate/Pipeline/Pipeline.php(103): Illuminate\\Pipeline\\Pipeline->Illuminate\\Pipeline\\{closure}()
#38 /www/wwwroot/mzrc.work/application/vendor/laravel/framework/src/Illuminate/Routing/Router.php(687): Illuminate\\Pipeline\\Pipeline->then()
#39 /www/wwwroot/mzrc.work/application/vendor/laravel/framework/src/Illuminate/Routing/Router.php(662): Illuminate\\Routing\\Router->runRouteWithinStack()
#40 /www/wwwroot/mzrc.work/application/vendor/laravel/framework/src/Illuminate/Routing/Router.php(628): Illuminate\\Routing\\Router->runRoute()
#41 /www/wwwroot/mzrc.work/application/vendor/laravel/framework/src/Illuminate/Routing/Router.php(617): Illuminate\\Routing\\Router->dispatchToRoute()
#42 /www/wwwroot/mzrc.work/application/vendor/laravel/framework/src/Illuminate/Foundation/Http/Kernel.php(165): Illuminate\\Routing\\Router->dispatch()
#43 /www/wwwroot/mzrc.work/application/vendor/laravel/framework/src/Illuminate/Pipeline/Pipeline.php(128): Illuminate\\Foundation\\Http\\Kernel->Illuminate\\Foundation\\Http\\{closure}()
#44 /www/wwwroot/mzrc.work/application/vendor/barryvdh/laravel-debugbar/src/Middleware/InjectDebugbar.php(60): Illuminate\\Pipeline\\Pipeline->Illuminate\\Pipeline\\{closure}()
#45 /www/wwwroot/mzrc.work/application/vendor/laravel/framework/src/Illuminate/Pipeline/Pipeline.php(167): Barryvdh\\Debugbar\\Middleware\\InjectDebugbar->handle()
#46 /www/wwwroot/mzrc.work/application/vendor/fideloper/proxy/src/TrustProxies.php(57): Illuminate\\Pipeline\\Pipeline->Illuminate\\Pipeline\\{closure}()
#47 /www/wwwroot/mzrc.work/application/vendor/laravel/framework/src/Illuminate/Pipeline/Pipeline.php(167): Fideloper\\Proxy\\TrustProxies->handle()
#48 /www/wwwroot/mzrc.work/application/vendor/laravel/framework/src/Illuminate/Foundation/Http/Middleware/TransformsRequest.php(21): Illuminate\\Pipeline\\Pipeline->Illuminate\\Pipeline\\{closure}()
#49 /www/wwwroot/mzrc.work/application/vendor/laravel/framework/src/Illuminate/Pipeline/Pipeline.php(167): Illuminate\\Foundation\\Http\\Middleware\\TransformsRequest->handle()
#50 /www/wwwroot/mzrc.work/application/vendor/laravel/framework/src/Illuminate/Foundation/Http/Middleware/TransformsRequest.php(21): Illuminate\\Pipeline\\Pipeline->Illuminate\\Pipeline\\{closure}()
#51 /www/wwwroot/mzrc.work/application/vendor/laravel/framework/src/Illuminate/Pipeline/Pipeline.php(167): Illuminate\\Foundation\\Http\\Middleware\\TransformsRequest->handle()
#52 /www/wwwroot/mzrc.work/application/vendor/laravel/framework/src/Illuminate/Foundation/Http/Middleware/ValidatePostSize.php(27): Illuminate\\Pipeline\\Pipeline->Illuminate\\Pipeline\\{closure}()
#53 /www/wwwroot/mzrc.work/application/vendor/laravel/framework/src/Illuminate/Pipeline/Pipeline.php(167): Illuminate\\Foundation\\Http\\Middleware\\ValidatePostSize->handle()
#54 /www/wwwroot/mzrc.work/application/vendor/laravel/framework/src/Illuminate/Foundation/Http/Middleware/CheckForMaintenanceMode.php(63): Illuminate\\Pipeline\\Pipeline->Illuminate\\Pipeline\\{closure}()
#55 /www/wwwroot/mzrc.work/application/vendor/laravel/framework/src/Illuminate/Pipeline/Pipeline.php(167): Illuminate\\Foundation\\Http\\Middleware\\CheckForMaintenanceMode->handle()
#56 /www/wwwroot/mzrc.work/application/vendor/laravel/framework/src/Illuminate/Pipeline/Pipeline.php(103): Illuminate\\Pipeline\\Pipeline->Illuminate\\Pipeline\\{closure}()
#57 /www/wwwroot/mzrc.work/application/vendor/laravel/framework/src/Illuminate/Foundation/Http/Kernel.php(140): Illuminate\\Pipeline\\Pipeline->then()
#58 /www/wwwroot/mzrc.work/application/vendor/laravel/framework/src/Illuminate/Foundation/Http/Kernel.php(109): Illuminate\\Foundation\\Http\\Kernel->sendRequestThroughRouter()
#59 /www/wwwroot/mzrc.work/index.php(92): Illuminate\\Foundation\\Http\\Kernel->handle()
#60 {main}
"} 
[2021-07-22 19:52:35] production.ERROR: putenv() has been disabled for security reasons {"userId":1,"exception":"[object] (ErrorException(code: 0): putenv() has been disabled for security reasons at /www/wwwroot/mzrc.work/application/vendor/symfony/console/Application.php:110)
[stacktrace]
#0 [internal function]: Illuminate\\Foundation\\Bootstrap\\HandleExceptions->handleError()
#1 /www/wwwroot/mzrc.work/application/vendor/symfony/console/Application.php(110): putenv()
#2 /www/wwwroot/mzrc.work/application/vendor/laravel/framework/src/Illuminate/Console/Application.php(93): Symfony\\Component\\Console\\Application->run()
#3 /www/wwwroot/mzrc.work/application/vendor/laravel/framework/src/Illuminate/Console/Application.php(185): Illuminate\\Console\\Application->run()
#4 /www/wwwroot/mzrc.work/application/vendor/laravel/framework/src/Illuminate/Foundation/Console/Kernel.php(263): Illuminate\\Console\\Application->call()
#5 /www/wwwroot/mzrc.work/application/vendor/laravel/framework/src/Illuminate/Support/Facades/Facade.php(261): Illuminate\\Foundation\\Console\\Kernel->call()
#6 /www/wwwroot/mzrc.work/application/app/Http/Controllers/Settings/System.php(47): Illuminate\\Support\\Facades\\Facade::__callStatic()
#7 [internal function]: App\\Http\\Controllers\\Settings\\System->clearLaravelCache()
#8 /www/wwwroot/mzrc.work/application/vendor/laravel/framework/src/Illuminate/Routing/Controller.php(54): call_user_func_array()
#9 /www/wwwroot/mzrc.work/application/vendor/laravel/framework/src/Illuminate/Routing/ControllerDispatcher.php(45): Illuminate\\Routing\\Controller->callAction()
#10 /www/wwwroot/mzrc.work/application/vendor/laravel/framework/src/Illuminate/Routing/Route.php(239): Illuminate\\Routing\\ControllerDispatcher->dispatch()
#11 /www/wwwroot/mzrc.work/application/vendor/laravel/framework/src/Illuminate/Routing/Route.php(196): Illuminate\\Routing\\Route->runController()
#12 /www/wwwroot/mzrc.work/application/vendor/laravel/framework/src/Illuminate/Routing/Router.php(685): Illuminate\\Routing\\Route->run()
#13 /www/wwwroot/mzrc.work/application/vendor/laravel/framework/src/Illuminate/Pipeline/Pipeline.php(128): Illuminate\\Routing\\Router->Illuminate\\Routing\\{closure}()
#14 /www/wwwroot/mzrc.work/application/app/Http/Middleware/Settings/Index.php(39): Illuminate\\Pipeline\\Pipeline->Illuminate\\Pipeline\\{closure}()
#15 /www/wwwroot/mzrc.work/application/vendor/laravel/framework/src/Illuminate/Pipeline/Pipeline.php(167): App\\Http\\Middleware\\Settings\\Index->handle()
#16 /www/wwwroot/mzrc.work/application/app/Http/Middleware/General/General.php(84): Illuminate\\Pipeline\\Pipeline->Illuminate\\Pipeline\\{closure}()
#17 /www/wwwroot/mzrc.work/application/vendor/laravel/framework/src/Illuminate/Pipeline/Pipeline.php(167): App\\Http\\Middleware\\General\\General->handle()
#18 /www/wwwroot/mzrc.work/application/app/Http/Middleware/General/SanityCheck.php(45): Illuminate\\Pipeline\\Pipeline->Illuminate\\Pipeline\\{closure}()
#19 /www/wwwroot/mzrc.work/application/vendor/laravel/framework/src/Illuminate/Pipeline/Pipeline.php(167): App\\Http\\Middleware\\General\\SanityCheck->handle()
#20 /www/wwwroot/mzrc.work/application/vendor/laravel/framework/src/Illuminate/Routing/Middleware/SubstituteBindings.php(41): Illuminate\\Pipeline\\Pipeline->Illuminate\\Pipeline\\{closure}()
#21 /www/wwwroot/mzrc.work/application/vendor/laravel/framework/src/Illuminate/Pipeline/Pipeline.php(167): Illuminate\\Routing\\Middleware\\SubstituteBindings->handle()
#22 /www/wwwroot/mzrc.work/application/vendor/laravel/framework/src/Illuminate/Auth/Middleware/Authenticate.php(44): Illuminate\\Pipeline\\Pipeline->Illuminate\\Pipeline\\{closure}()
#23 /www/wwwroot/mzrc.work/application/vendor/laravel/framework/src/Illuminate/Pipeline/Pipeline.php(167): Illuminate\\Auth\\Middleware\\Authenticate->handle()
#24 /www/wwwroot/mzrc.work/application/vendor/laravel/framework/src/Illuminate/Foundation/Http/Middleware/VerifyCsrfToken.php(77): Illuminate\\Pipeline\\Pipeline->Illuminate\\Pipeline\\{closure}()
#25 /www/wwwroot/mzrc.work/application/vendor/laravel/framework/src/Illuminate/Pipeline/Pipeline.php(167): Illuminate\\Foundation\\Http\\Middleware\\VerifyCsrfToken->handle()
#26 /www/wwwroot/mzrc.work/application/vendor/laravel/framework/src/Illuminate/View/Middleware/ShareErrorsFromSession.php(49): Illuminate\\Pipeline\\Pipeline->Illuminate\\Pipeline\\{closure}()
#27 /www/wwwroot/mzrc.work/application/vendor/laravel/framework/src/Illuminate/Pipeline/Pipeline.php(167): Illuminate\\View\\Middleware\\ShareErrorsFromSession->handle()
#28 /www/wwwroot/mzrc.work/application/vendor/laravel/framework/src/Illuminate/Session/Middleware/StartSession.php(116): Illuminate\\Pipeline\\Pipeline->Illuminate\\Pipeline\\{closure}()
#29 /www/wwwroot/mzrc.work/application/vendor/laravel/framework/src/Illuminate/Session/Middleware/StartSession.php(62): Illuminate\\Session\\Middleware\\StartSession->handleStatefulRequest()
#30 /www/wwwroot/mzrc.work/application/vendor/laravel/framework/src/Illuminate/Pipeline/Pipeline.php(167): Illuminate\\Session\\Middleware\\StartSession->handle()
#31 /www/wwwroot/mzrc.work/application/vendor/laravel/framework/src/Illuminate/Cookie/Middleware/AddQueuedCookiesToResponse.php(37): Illuminate\\Pipeline\\Pipeline->Illuminate\\Pipeline\\{closure}()
#32 /www/wwwroot/mzrc.work/application/vendor/laravel/framework/src/Illuminate/Pipeline/Pipeline.php(167): Illuminate\\Cookie\\Middleware\\AddQueuedCookiesToResponse->handle()
#33 /www/wwwroot/mzrc.work/application/vendor/laravel/framework/src/Illuminate/Cookie/Middleware/EncryptCookies.php(67): Illuminate\\Pipeline\\Pipeline->Illuminate\\Pipeline\\{closure}()
#34 /www/wwwroot/mzrc.work/application/vendor/laravel/framework/src/Illuminate/Pipeline/Pipeline.php(167): Illuminate\\Cookie\\Middleware\\EncryptCookies->handle()
#35 /www/wwwroot/mzrc.work/application/app/Http/Middleware/General/Setup.php(37): Illuminate\\Pipeline\\Pipeline->Illuminate\\Pipeline\\{closure}()
#36 /www/wwwroot/mzrc.work/application/vendor/laravel/framework/src/Illuminate/Pipeline/Pipeline.php(167): App\\Http\\Middleware\\General\\Setup->handle()
#37 /www/wwwroot/mzrc.work/application/vendor/laravel/framework/src/Illuminate/Pipeline/Pipeline.php(103): Illuminate\\Pipeline\\Pipeline->Illuminate\\Pipeline\\{closure}()
#38 /www/wwwroot/mzrc.work/application/vendor/laravel/framework/src/Illuminate/Routing/Router.php(687): Illuminate\\Pipeline\\Pipeline->then()
#39 /www/wwwroot/mzrc.work/application/vendor/laravel/framework/src/Illuminate/Routing/Router.php(662): Illuminate\\Routing\\Router->runRouteWithinStack()
#40 /www/wwwroot/mzrc.work/application/vendor/laravel/framework/src/Illuminate/Routing/Router.php(628): Illuminate\\Routing\\Router->runRoute()
#41 /www/wwwroot/mzrc.work/application/vendor/laravel/framework/src/Illuminate/Routing/Router.php(617): Illuminate\\Routing\\Router->dispatchToRoute()
#42 /www/wwwroot/mzrc.work/application/vendor/laravel/framework/src/Illuminate/Foundation/Http/Kernel.php(165): Illuminate\\Routing\\Router->dispatch()
#43 /www/wwwroot/mzrc.work/application/vendor/laravel/framework/src/Illuminate/Pipeline/Pipeline.php(128): Illuminate\\Foundation\\Http\\Kernel->Illuminate\\Foundation\\Http\\{closure}()
#44 /www/wwwroot/mzrc.work/application/vendor/barryvdh/laravel-debugbar/src/Middleware/InjectDebugbar.php(60): Illuminate\\Pipeline\\Pipeline->Illuminate\\Pipeline\\{closure}()
#45 /www/wwwroot/mzrc.work/application/vendor/laravel/framework/src/Illuminate/Pipeline/Pipeline.php(167): Barryvdh\\Debugbar\\Middleware\\InjectDebugbar->handle()
#46 /www/wwwroot/mzrc.work/application/vendor/fideloper/proxy/src/TrustProxies.php(57): Illuminate\\Pipeline\\Pipeline->Illuminate\\Pipeline\\{closure}()
#47 /www/wwwroot/mzrc.work/application/vendor/laravel/framework/src/Illuminate/Pipeline/Pipeline.php(167): Fideloper\\Proxy\\TrustProxies->handle()
#48 /www/wwwroot/mzrc.work/application/vendor/laravel/framework/src/Illuminate/Foundation/Http/Middleware/TransformsRequest.php(21): Illuminate\\Pipeline\\Pipeline->Illuminate\\Pipeline\\{closure}()
#49 /www/wwwroot/mzrc.work/application/vendor/laravel/framework/src/Illuminate/Pipeline/Pipeline.php(167): Illuminate\\Foundation\\Http\\Middleware\\TransformsRequest->handle()
#50 /www/wwwroot/mzrc.work/application/vendor/laravel/framework/src/Illuminate/Foundation/Http/Middleware/TransformsRequest.php(21): Illuminate\\Pipeline\\Pipeline->Illuminate\\Pipeline\\{closure}()
#51 /www/wwwroot/mzrc.work/application/vendor/laravel/framework/src/Illuminate/Pipeline/Pipeline.php(167): Illuminate\\Foundation\\Http\\Middleware\\TransformsRequest->handle()
#52 /www/wwwroot/mzrc.work/application/vendor/laravel/framework/src/Illuminate/Foundation/Http/Middleware/ValidatePostSize.php(27): Illuminate\\Pipeline\\Pipeline->Illuminate\\Pipeline\\{closure}()
#53 /www/wwwroot/mzrc.work/application/vendor/laravel/framework/src/Illuminate/Pipeline/Pipeline.php(167): Illuminate\\Foundation\\Http\\Middleware\\ValidatePostSize->handle()
#54 /www/wwwroot/mzrc.work/application/vendor/laravel/framework/src/Illuminate/Foundation/Http/Middleware/CheckForMaintenanceMode.php(63): Illuminate\\Pipeline\\Pipeline->Illuminate\\Pipeline\\{closure}()
#55 /www/wwwroot/mzrc.work/application/vendor/laravel/framework/src/Illuminate/Pipeline/Pipeline.php(167): Illuminate\\Foundation\\Http\\Middleware\\CheckForMaintenanceMode->handle()
#56 /www/wwwroot/mzrc.work/application/vendor/laravel/framework/src/Illuminate/Pipeline/Pipeline.php(103): Illuminate\\Pipeline\\Pipeline->Illuminate\\Pipeline\\{closure}()
#57 /www/wwwroot/mzrc.work/application/vendor/laravel/framework/src/Illuminate/Foundation/Http/Kernel.php(140): Illuminate\\Pipeline\\Pipeline->then()
#58 /www/wwwroot/mzrc.work/application/vendor/laravel/framework/src/Illuminate/Foundation/Http/Kernel.php(109): Illuminate\\Foundation\\Http\\Kernel->sendRequestThroughRouter()
#59 /www/wwwroot/mzrc.work/index.php(92): Illuminate\\Foundation\\Http\\Kernel->handle()
#60 {main}
"} 
[2021-07-22 19:52:40] production.ERROR: putenv() has been disabled for security reasons {"userId":1,"exception":"[object] (ErrorException(code: 0): putenv() has been disabled for security reasons at /www/wwwroot/mzrc.work/application/vendor/symfony/console/Application.php:110)
[stacktrace]
#0 [internal function]: Illuminate\\Foundation\\Bootstrap\\HandleExceptions->handleError()
#1 /www/wwwroot/mzrc.work/application/vendor/symfony/console/Application.php(110): putenv()
#2 /www/wwwroot/mzrc.work/application/vendor/laravel/framework/src/Illuminate/Console/Application.php(93): Symfony\\Component\\Console\\Application->run()
#3 /www/wwwroot/mzrc.work/application/vendor/laravel/framework/src/Illuminate/Console/Application.php(185): Illuminate\\Console\\Application->run()
#4 /www/wwwroot/mzrc.work/application/vendor/laravel/framework/src/Illuminate/Foundation/Console/Kernel.php(263): Illuminate\\Console\\Application->call()
#5 /www/wwwroot/mzrc.work/application/vendor/laravel/framework/src/Illuminate/Support/Facades/Facade.php(261): Illuminate\\Foundation\\Console\\Kernel->call()
#6 /www/wwwroot/mzrc.work/application/app/Http/Controllers/Settings/System.php(47): Illuminate\\Support\\Facades\\Facade::__callStatic()
#7 [internal function]: App\\Http\\Controllers\\Settings\\System->clearLaravelCache()
#8 /www/wwwroot/mzrc.work/application/vendor/laravel/framework/src/Illuminate/Routing/Controller.php(54): call_user_func_array()
#9 /www/wwwroot/mzrc.work/application/vendor/laravel/framework/src/Illuminate/Routing/ControllerDispatcher.php(45): Illuminate\\Routing\\Controller->callAction()
#10 /www/wwwroot/mzrc.work/application/vendor/laravel/framework/src/Illuminate/Routing/Route.php(239): Illuminate\\Routing\\ControllerDispatcher->dispatch()
#11 /www/wwwroot/mzrc.work/application/vendor/laravel/framework/src/Illuminate/Routing/Route.php(196): Illuminate\\Routing\\Route->runController()
#12 /www/wwwroot/mzrc.work/application/vendor/laravel/framework/src/Illuminate/Routing/Router.php(685): Illuminate\\Routing\\Route->run()
#13 /www/wwwroot/mzrc.work/application/vendor/laravel/framework/src/Illuminate/Pipeline/Pipeline.php(128): Illuminate\\Routing\\Router->Illuminate\\Routing\\{closure}()
#14 /www/wwwroot/mzrc.work/application/app/Http/Middleware/Settings/Index.php(39): Illuminate\\Pipeline\\Pipeline->Illuminate\\Pipeline\\{closure}()
#15 /www/wwwroot/mzrc.work/application/vendor/laravel/framework/src/Illuminate/Pipeline/Pipeline.php(167): App\\Http\\Middleware\\Settings\\Index->handle()
#16 /www/wwwroot/mzrc.work/application/app/Http/Middleware/General/General.php(84): Illuminate\\Pipeline\\Pipeline->Illuminate\\Pipeline\\{closure}()
#17 /www/wwwroot/mzrc.work/application/vendor/laravel/framework/src/Illuminate/Pipeline/Pipeline.php(167): App\\Http\\Middleware\\General\\General->handle()
#18 /www/wwwroot/mzrc.work/application/app/Http/Middleware/General/SanityCheck.php(45): Illuminate\\Pipeline\\Pipeline->Illuminate\\Pipeline\\{closure}()
#19 /www/wwwroot/mzrc.work/application/vendor/laravel/framework/src/Illuminate/Pipeline/Pipeline.php(167): App\\Http\\Middleware\\General\\SanityCheck->handle()
#20 /www/wwwroot/mzrc.work/application/vendor/laravel/framework/src/Illuminate/Routing/Middleware/SubstituteBindings.php(41): Illuminate\\Pipeline\\Pipeline->Illuminate\\Pipeline\\{closure}()
#21 /www/wwwroot/mzrc.work/application/vendor/laravel/framework/src/Illuminate/Pipeline/Pipeline.php(167): Illuminate\\Routing\\Middleware\\SubstituteBindings->handle()
#22 /www/wwwroot/mzrc.work/application/vendor/laravel/framework/src/Illuminate/Auth/Middleware/Authenticate.php(44): Illuminate\\Pipeline\\Pipeline->Illuminate\\Pipeline\\{closure}()
#23 /www/wwwroot/mzrc.work/application/vendor/laravel/framework/src/Illuminate/Pipeline/Pipeline.php(167): Illuminate\\Auth\\Middleware\\Authenticate->handle()
#24 /www/wwwroot/mzrc.work/application/vendor/laravel/framework/src/Illuminate/Foundation/Http/Middleware/VerifyCsrfToken.php(77): Illuminate\\Pipeline\\Pipeline->Illuminate\\Pipeline\\{closure}()
#25 /www/wwwroot/mzrc.work/application/vendor/laravel/framework/src/Illuminate/Pipeline/Pipeline.php(167): Illuminate\\Foundation\\Http\\Middleware\\VerifyCsrfToken->handle()
#26 /www/wwwroot/mzrc.work/application/vendor/laravel/framework/src/Illuminate/View/Middleware/ShareErrorsFromSession.php(49): Illuminate\\Pipeline\\Pipeline->Illuminate\\Pipeline\\{closure}()
#27 /www/wwwroot/mzrc.work/application/vendor/laravel/framework/src/Illuminate/Pipeline/Pipeline.php(167): Illuminate\\View\\Middleware\\ShareErrorsFromSession->handle()
#28 /www/wwwroot/mzrc.work/application/vendor/laravel/framework/src/Illuminate/Session/Middleware/StartSession.php(116): Illuminate\\Pipeline\\Pipeline->Illuminate\\Pipeline\\{closure}()
#29 /www/wwwroot/mzrc.work/application/vendor/laravel/framework/src/Illuminate/Session/Middleware/StartSession.php(62): Illuminate\\Session\\Middleware\\StartSession->handleStatefulRequest()
#30 /www/wwwroot/mzrc.work/application/vendor/laravel/framework/src/Illuminate/Pipeline/Pipeline.php(167): Illuminate\\Session\\Middleware\\StartSession->handle()
#31 /www/wwwroot/mzrc.work/application/vendor/laravel/framework/src/Illuminate/Cookie/Middleware/AddQueuedCookiesToResponse.php(37): Illuminate\\Pipeline\\Pipeline->Illuminate\\Pipeline\\{closure}()
#32 /www/wwwroot/mzrc.work/application/vendor/laravel/framework/src/Illuminate/Pipeline/Pipeline.php(167): Illuminate\\Cookie\\Middleware\\AddQueuedCookiesToResponse->handle()
#33 /www/wwwroot/mzrc.work/application/vendor/laravel/framework/src/Illuminate/Cookie/Middleware/EncryptCookies.php(67): Illuminate\\Pipeline\\Pipeline->Illuminate\\Pipeline\\{closure}()
#34 /www/wwwroot/mzrc.work/application/vendor/laravel/framework/src/Illuminate/Pipeline/Pipeline.php(167): Illuminate\\Cookie\\Middleware\\EncryptCookies->handle()
#35 /www/wwwroot/mzrc.work/application/app/Http/Middleware/General/Setup.php(37): Illuminate\\Pipeline\\Pipeline->Illuminate\\Pipeline\\{closure}()
#36 /www/wwwroot/mzrc.work/application/vendor/laravel/framework/src/Illuminate/Pipeline/Pipeline.php(167): App\\Http\\Middleware\\General\\Setup->handle()
#37 /www/wwwroot/mzrc.work/application/vendor/laravel/framework/src/Illuminate/Pipeline/Pipeline.php(103): Illuminate\\Pipeline\\Pipeline->Illuminate\\Pipeline\\{closure}()
#38 /www/wwwroot/mzrc.work/application/vendor/laravel/framework/src/Illuminate/Routing/Router.php(687): Illuminate\\Pipeline\\Pipeline->then()
#39 /www/wwwroot/mzrc.work/application/vendor/laravel/framework/src/Illuminate/Routing/Router.php(662): Illuminate\\Routing\\Router->runRouteWithinStack()
#40 /www/wwwroot/mzrc.work/application/vendor/laravel/framework/src/Illuminate/Routing/Router.php(628): Illuminate\\Routing\\Router->runRoute()
#41 /www/wwwroot/mzrc.work/application/vendor/laravel/framework/src/Illuminate/Routing/Router.php(617): Illuminate\\Routing\\Router->dispatchToRoute()
#42 /www/wwwroot/mzrc.work/application/vendor/laravel/framework/src/Illuminate/Foundation/Http/Kernel.php(165): Illuminate\\Routing\\Router->dispatch()
#43 /www/wwwroot/mzrc.work/application/vendor/laravel/framework/src/Illuminate/Pipeline/Pipeline.php(128): Illuminate\\Foundation\\Http\\Kernel->Illuminate\\Foundation\\Http\\{closure}()
#44 /www/wwwroot/mzrc.work/application/vendor/barryvdh/laravel-debugbar/src/Middleware/InjectDebugbar.php(60): Illuminate\\Pipeline\\Pipeline->Illuminate\\Pipeline\\{closure}()
#45 /www/wwwroot/mzrc.work/application/vendor/laravel/framework/src/Illuminate/Pipeline/Pipeline.php(167): Barryvdh\\Debugbar\\Middleware\\InjectDebugbar->handle()
#46 /www/wwwroot/mzrc.work/application/vendor/fideloper/proxy/src/TrustProxies.php(57): Illuminate\\Pipeline\\Pipeline->Illuminate\\Pipeline\\{closure}()
#47 /www/wwwroot/mzrc.work/application/vendor/laravel/framework/src/Illuminate/Pipeline/Pipeline.php(167): Fideloper\\Proxy\\TrustProxies->handle()
#48 /www/wwwroot/mzrc.work/application/vendor/laravel/framework/src/Illuminate/Foundation/Http/Middleware/TransformsRequest.php(21): Illuminate\\Pipeline\\Pipeline->Illuminate\\Pipeline\\{closure}()
#49 /www/wwwroot/mzrc.work/application/vendor/laravel/framework/src/Illuminate/Pipeline/Pipeline.php(167): Illuminate\\Foundation\\Http\\Middleware\\TransformsRequest->handle()
#50 /www/wwwroot/mzrc.work/application/vendor/laravel/framework/src/Illuminate/Foundation/Http/Middleware/TransformsRequest.php(21): Illuminate\\Pipeline\\Pipeline->Illuminate\\Pipeline\\{closure}()
#51 /www/wwwroot/mzrc.work/application/vendor/laravel/framework/src/Illuminate/Pipeline/Pipeline.php(167): Illuminate\\Foundation\\Http\\Middleware\\TransformsRequest->handle()
#52 /www/wwwroot/mzrc.work/application/vendor/laravel/framework/src/Illuminate/Foundation/Http/Middleware/ValidatePostSize.php(27): Illuminate\\Pipeline\\Pipeline->Illuminate\\Pipeline\\{closure}()
#53 /www/wwwroot/mzrc.work/application/vendor/laravel/framework/src/Illuminate/Pipeline/Pipeline.php(167): Illuminate\\Foundation\\Http\\Middleware\\ValidatePostSize->handle()
#54 /www/wwwroot/mzrc.work/application/vendor/laravel/framework/src/Illuminate/Foundation/Http/Middleware/CheckForMaintenanceMode.php(63): Illuminate\\Pipeline\\Pipeline->Illuminate\\Pipeline\\{closure}()
#55 /www/wwwroot/mzrc.work/application/vendor/laravel/framework/src/Illuminate/Pipeline/Pipeline.php(167): Illuminate\\Foundation\\Http\\Middleware\\CheckForMaintenanceMode->handle()
#56 /www/wwwroot/mzrc.work/application/vendor/laravel/framework/src/Illuminate/Pipeline/Pipeline.php(103): Illuminate\\Pipeline\\Pipeline->Illuminate\\Pipeline\\{closure}()
#57 /www/wwwroot/mzrc.work/application/vendor/laravel/framework/src/Illuminate/Foundation/Http/Kernel.php(140): Illuminate\\Pipeline\\Pipeline->then()
#58 /www/wwwroot/mzrc.work/application/vendor/laravel/framework/src/Illuminate/Foundation/Http/Kernel.php(109): Illuminate\\Foundation\\Http\\Kernel->sendRequestThroughRouter()
#59 /www/wwwroot/mzrc.work/index.php(92): Illuminate\\Foundation\\Http\\Kernel->handle()
#60 {main}
"} 
[2021-07-24 20:42:42] production.ERROR: compact(): Undefined variable: page {"userId":1,"exception":"[object] (ErrorException(code: 0): compact(): Undefined variable: page at /www/wwwroot/mzrc.work/application/app/Http/Responses/Timesheets/EditResponse.php:35)
[stacktrace]
#0 [internal function]: Illuminate\\Foundation\\Bootstrap\\HandleExceptions->handleError()
#1 /www/wwwroot/mzrc.work/application/app/Http/Responses/Timesheets/EditResponse.php(35): compact()
#2 /www/wwwroot/mzrc.work/application/vendor/laravel/framework/src/Illuminate/Routing/Router.php(744): App\\Http\\Responses\\timesheets\\EditResponse->toResponse()
#3 /www/wwwroot/mzrc.work/application/vendor/laravel/framework/src/Illuminate/Routing/Router.php(731): Illuminate\\Routing\\Router::toResponse()
#4 /www/wwwroot/mzrc.work/application/vendor/laravel/framework/src/Illuminate/Routing/Router.php(685): Illuminate\\Routing\\Router->prepareResponse()
#5 /www/wwwroot/mzrc.work/application/vendor/laravel/framework/src/Illuminate/Pipeline/Pipeline.php(128): Illuminate\\Routing\\Router->Illuminate\\Routing\\{closure}()
#6 /www/wwwroot/mzrc.work/application/app/Http/Middleware/General/General.php(84): Illuminate\\Pipeline\\Pipeline->Illuminate\\Pipeline\\{closure}()
#7 /www/wwwroot/mzrc.work/application/vendor/laravel/framework/src/Illuminate/Pipeline/Pipeline.php(167): App\\Http\\Middleware\\General\\General->handle()
#8 /www/wwwroot/mzrc.work/application/app/Http/Middleware/General/SanityCheck.php(45): Illuminate\\Pipeline\\Pipeline->Illuminate\\Pipeline\\{closure}()
#9 /www/wwwroot/mzrc.work/application/vendor/laravel/framework/src/Illuminate/Pipeline/Pipeline.php(167): App\\Http\\Middleware\\General\\SanityCheck->handle()
#10 /www/wwwroot/mzrc.work/application/vendor/laravel/framework/src/Illuminate/Routing/Middleware/SubstituteBindings.php(41): Illuminate\\Pipeline\\Pipeline->Illuminate\\Pipeline\\{closure}()
#11 /www/wwwroot/mzrc.work/application/vendor/laravel/framework/src/Illuminate/Pipeline/Pipeline.php(167): Illuminate\\Routing\\Middleware\\SubstituteBindings->handle()
#12 /www/wwwroot/mzrc.work/application/vendor/laravel/framework/src/Illuminate/Auth/Middleware/Authenticate.php(44): Illuminate\\Pipeline\\Pipeline->Illuminate\\Pipeline\\{closure}()
#13 /www/wwwroot/mzrc.work/application/vendor/laravel/framework/src/Illuminate/Pipeline/Pipeline.php(167): Illuminate\\Auth\\Middleware\\Authenticate->handle()
#14 /www/wwwroot/mzrc.work/application/vendor/laravel/framework/src/Illuminate/Foundation/Http/Middleware/VerifyCsrfToken.php(77): Illuminate\\Pipeline\\Pipeline->Illuminate\\Pipeline\\{closure}()
#15 /www/wwwroot/mzrc.work/application/vendor/laravel/framework/src/Illuminate/Pipeline/Pipeline.php(167): Illuminate\\Foundation\\Http\\Middleware\\VerifyCsrfToken->handle()
#16 /www/wwwroot/mzrc.work/application/vendor/laravel/framework/src/Illuminate/View/Middleware/ShareErrorsFromSession.php(49): Illuminate\\Pipeline\\Pipeline->Illuminate\\Pipeline\\{closure}()
#17 /www/wwwroot/mzrc.work/application/vendor/laravel/framework/src/Illuminate/Pipeline/Pipeline.php(167): Illuminate\\View\\Middleware\\ShareErrorsFromSession->handle()
#18 /www/wwwroot/mzrc.work/application/vendor/laravel/framework/src/Illuminate/Session/Middleware/StartSession.php(116): Illuminate\\Pipeline\\Pipeline->Illuminate\\Pipeline\\{closure}()
#19 /www/wwwroot/mzrc.work/application/vendor/laravel/framework/src/Illuminate/Session/Middleware/StartSession.php(62): Illuminate\\Session\\Middleware\\StartSession->handleStatefulRequest()
#20 /www/wwwroot/mzrc.work/application/vendor/laravel/framework/src/Illuminate/Pipeline/Pipeline.php(167): Illuminate\\Session\\Middleware\\StartSession->handle()
#21 /www/wwwroot/mzrc.work/application/vendor/laravel/framework/src/Illuminate/Cookie/Middleware/AddQueuedCookiesToResponse.php(37): Illuminate\\Pipeline\\Pipeline->Illuminate\\Pipeline\\{closure}()
#22 /www/wwwroot/mzrc.work/application/vendor/laravel/framework/src/Illuminate/Pipeline/Pipeline.php(167): Illuminate\\Cookie\\Middleware\\AddQueuedCookiesToResponse->handle()
#23 /www/wwwroot/mzrc.work/application/vendor/laravel/framework/src/Illuminate/Cookie/Middleware/EncryptCookies.php(67): Illuminate\\Pipeline\\Pipeline->Illuminate\\Pipeline\\{closure}()
#24 /www/wwwroot/mzrc.work/application/vendor/laravel/framework/src/Illuminate/Pipeline/Pipeline.php(167): Illuminate\\Cookie\\Middleware\\EncryptCookies->handle()
#25 /www/wwwroot/mzrc.work/application/app/Http/Middleware/General/Setup.php(37): Illuminate\\Pipeline\\Pipeline->Illuminate\\Pipeline\\{closure}()
#26 /www/wwwroot/mzrc.work/application/vendor/laravel/framework/src/Illuminate/Pipeline/Pipeline.php(167): App\\Http\\Middleware\\General\\Setup->handle()
#27 /www/wwwroot/mzrc.work/application/vendor/laravel/framework/src/Illuminate/Pipeline/Pipeline.php(103): Illuminate\\Pipeline\\Pipeline->Illuminate\\Pipeline\\{closure}()
#28 /www/wwwroot/mzrc.work/application/vendor/laravel/framework/src/Illuminate/Routing/Router.php(687): Illuminate\\Pipeline\\Pipeline->then()
#29 /www/wwwroot/mzrc.work/application/vendor/laravel/framework/src/Illuminate/Routing/Router.php(662): Illuminate\\Routing\\Router->runRouteWithinStack()
#30 /www/wwwroot/mzrc.work/application/vendor/laravel/framework/src/Illuminate/Routing/Router.php(628): Illuminate\\Routing\\Router->runRoute()
#31 /www/wwwroot/mzrc.work/application/vendor/laravel/framework/src/Illuminate/Routing/Router.php(617): Illuminate\\Routing\\Router->dispatchToRoute()
#32 /www/wwwroot/mzrc.work/application/vendor/laravel/framework/src/Illuminate/Foundation/Http/Kernel.php(165): Illuminate\\Routing\\Router->dispatch()
#33 /www/wwwroot/mzrc.work/application/vendor/laravel/framework/src/Illuminate/Pipeline/Pipeline.php(128): Illuminate\\Foundation\\Http\\Kernel->Illuminate\\Foundation\\Http\\{closure}()
#34 /www/wwwroot/mzrc.work/application/vendor/barryvdh/laravel-debugbar/src/Middleware/InjectDebugbar.php(60): Illuminate\\Pipeline\\Pipeline->Illuminate\\Pipeline\\{closure}()
#35 /www/wwwroot/mzrc.work/application/vendor/laravel/framework/src/Illuminate/Pipeline/Pipeline.php(167): Barryvdh\\Debugbar\\Middleware\\InjectDebugbar->handle()
#36 /www/wwwroot/mzrc.work/application/vendor/fideloper/proxy/src/TrustProxies.php(57): Illuminate\\Pipeline\\Pipeline->Illuminate\\Pipeline\\{closure}()
#37 /www/wwwroot/mzrc.work/application/vendor/laravel/framework/src/Illuminate/Pipeline/Pipeline.php(167): Fideloper\\Proxy\\TrustProxies->handle()
#38 /www/wwwroot/mzrc.work/application/vendor/laravel/framework/src/Illuminate/Foundation/Http/Middleware/TransformsRequest.php(21): Illuminate\\Pipeline\\Pipeline->Illuminate\\Pipeline\\{closure}()
#39 /www/wwwroot/mzrc.work/application/vendor/laravel/framework/src/Illuminate/Pipeline/Pipeline.php(167): Illuminate\\Foundation\\Http\\Middleware\\TransformsRequest->handle()
#40 /www/wwwroot/mzrc.work/application/vendor/laravel/framework/src/Illuminate/Foundation/Http/Middleware/TransformsRequest.php(21): Illuminate\\Pipeline\\Pipeline->Illuminate\\Pipeline\\{closure}()
#41 /www/wwwroot/mzrc.work/application/vendor/laravel/framework/src/Illuminate/Pipeline/Pipeline.php(167): Illuminate\\Foundation\\Http\\Middleware\\TransformsRequest->handle()
#42 /www/wwwroot/mzrc.work/application/vendor/laravel/framework/src/Illuminate/Foundation/Http/Middleware/ValidatePostSize.php(27): Illuminate\\Pipeline\\Pipeline->Illuminate\\Pipeline\\{closure}()
#43 /www/wwwroot/mzrc.work/application/vendor/laravel/framework/src/Illuminate/Pipeline/Pipeline.php(167): Illuminate\\Foundation\\Http\\Middleware\\ValidatePostSize->handle()
#44 /www/wwwroot/mzrc.work/application/vendor/laravel/framework/src/Illuminate/Foundation/Http/Middleware/CheckForMaintenanceMode.php(63): Illuminate\\Pipeline\\Pipeline->Illuminate\\Pipeline\\{closure}()
#45 /www/wwwroot/mzrc.work/application/vendor/laravel/framework/src/Illuminate/Pipeline/Pipeline.php(167): Illuminate\\Foundation\\Http\\Middleware\\CheckForMaintenanceMode->handle()
#46 /www/wwwroot/mzrc.work/application/vendor/laravel/framework/src/Illuminate/Pipeline/Pipeline.php(103): Illuminate\\Pipeline\\Pipeline->Illuminate\\Pipeline\\{closure}()
#47 /www/wwwroot/mzrc.work/application/vendor/laravel/framework/src/Illuminate/Foundation/Http/Kernel.php(140): Illuminate\\Pipeline\\Pipeline->then()
#48 /www/wwwroot/mzrc.work/application/vendor/laravel/framework/src/Illuminate/Foundation/Http/Kernel.php(109): Illuminate\\Foundation\\Http\\Kernel->sendRequestThroughRouter()
#49 /www/wwwroot/mzrc.work/index.php(92): Illuminate\\Foundation\\Http\\Kernel->handle()
#50 {main}
"} 
[2021-07-28 13:55:11] production.ERROR: permission denied {"process":"[permissions][subscriptions][index]","ref":"b94ef39","function":"handle","file":"Index.php","line":61,"path":"/www/wwwroot/mzrc.work/application/app/Http/Middleware/Subscriptions/Index.php"} 
